[debug] [2023-05-20T09:12:11.017Z] ----------------------------------------------------------------------
[debug] [2023-05-20T09:12:11.018Z] Command:       C:\Program Files\nodejs\node.exe C:\Users\mulge\AppData\Roaming\npm\node_modules\firebase-tools\lib\bin\firebase.js init
[debug] [2023-05-20T09:12:11.019Z] CLI Version:   12.1.0
[debug] [2023-05-20T09:12:11.019Z] Platform:      win32
[debug] [2023-05-20T09:12:11.019Z] Node Version:  v18.14.2
[debug] [2023-05-20T09:12:11.020Z] Time:          Sat May 20 2023 14:42:11 GMT+0530 (India Standard Time)
[debug] [2023-05-20T09:12:11.020Z] ----------------------------------------------------------------------
[debug] 
[debug] [2023-05-20T09:12:11.023Z] >>> [apiv2][query] GET https://firebase-public.firebaseio.com/cli.json [none]
[debug] [2023-05-20T09:12:11.068Z] > command requires scopes: ["email","openid","https://www.googleapis.com/auth/cloudplatformprojects.readonly","https://www.googleapis.com/auth/firebase","https://www.googleapis.com/auth/cloud-platform"]
[debug] [2023-05-20T09:12:11.069Z] > authorizing via signed-in user (mulgeshilpa@gmail.com)
[info] 
     ######## #### ########  ######## ########     ###     ######  ########
     ##        ##  ##     ## ##       ##     ##  ##   ##  ##       ##
     ######    ##  ########  ######   ########  #########  ######  ######
     ##        ##  ##    ##  ##       ##     ## ##     ##       ## ##
     ##       #### ##     ## ######## ########  ##     ##  ######  ########

You're about to initialize a Firebase project in this directory:

  C:\Users\mulge\todo-vue-app

[debug] [2023-05-20T09:12:12.126Z] <<< [apiv2][status] GET https://firebase-public.firebaseio.com/cli.json 200
[debug] [2023-05-20T09:12:12.126Z] <<< [apiv2][body] GET https://firebase-public.firebaseio.com/cli.json {"cloudBuildErrorAfter":1594252800000,"cloudBuildWarnAfter":1590019200000,"defaultNode10After":1594252800000,"minVersion":"3.0.5","node8DeploysDisabledAfter":1613390400000,"node8RuntimeDisabledAfter":1615809600000,"node8WarnAfter":1600128000000}
